2020-12-18 15:26:19.384 [main] INFO  com.hsy.dbexp.DbexpApplication - Starting DbexpApplication using Java 1.8.0_231 on LAPTOP-GDCB5BAF with PID 6288 (F:\JavaProjects\dbexp\target\classes started by HSY in F:\JavaProjects\dbexp)
2020-12-18 15:26:19.402 [main] INFO  com.hsy.dbexp.DbexpApplication - No active profile set, falling back to default profiles: default
2020-12-18 15:26:21.121 [main] INFO  o.s.boot.web.embedded.tomcat.TomcatWebServer - Tomcat initialized with port(s): 8090 (http)
2020-12-18 15:26:21.128 [main] INFO  org.apache.coyote.http11.Http11NioProtocol - Initializing ProtocolHandler ["http-nio-8090"]
2020-12-18 15:26:21.128 [main] INFO  org.apache.catalina.core.StandardService - Starting service [Tomcat]
2020-12-18 15:26:21.128 [main] INFO  org.apache.catalina.core.StandardEngine - Starting Servlet engine: [Apache Tomcat/9.0.39]
2020-12-18 15:26:21.216 [main] INFO  o.a.c.core.ContainerBase.[Tomcat].[localhost].[/] - Initializing Spring embedded WebApplicationContext
2020-12-18 15:26:21.216 [main] INFO  o.s.b.w.s.c.ServletWebServerApplicationContext - Root WebApplicationContext: initialization completed in 1705 ms
2020-12-18 15:26:21.872 [main] INFO  o.s.scheduling.concurrent.ThreadPoolTaskExecutor - Initializing ExecutorService 'applicationTaskExecutor'
2020-12-18 15:26:22.187 [main] INFO  org.apache.coyote.http11.Http11NioProtocol - Starting ProtocolHandler ["http-nio-8090"]
2020-12-18 15:26:22.237 [main] INFO  o.s.boot.web.embedded.tomcat.TomcatWebServer - Tomcat started on port(s): 8090 (http) with context path ''
2020-12-18 15:26:22.257 [main] INFO  com.hsy.dbexp.DbexpApplication - Started DbexpApplication in 3.592 seconds (JVM running for 4.602)
2020-12-18 15:27:13.089 [http-nio-8090-exec-1] INFO  o.a.c.core.ContainerBase.[Tomcat].[localhost].[/] - Initializing Spring DispatcherServlet 'dispatcherServlet'
2020-12-18 15:27:13.090 [http-nio-8090-exec-1] INFO  org.springframework.web.servlet.DispatcherServlet - Initializing Servlet 'dispatcherServlet'
2020-12-18 15:27:13.090 [http-nio-8090-exec-1] INFO  org.springframework.web.servlet.DispatcherServlet - Completed initialization in 0 ms
2020-12-18 15:27:13.277 [http-nio-8090-exec-1] INFO  com.alibaba.druid.pool.DruidDataSource - {dataSource-1} inited
2020-12-18 15:48:23.799 [main] INFO  com.hsy.dbexp.DbexpApplication - Starting DbexpApplication using Java 1.8.0_231 on LAPTOP-GDCB5BAF with PID 13920 (F:\JavaProjects\dbexp\target\classes started by HSY in F:\JavaProjects\dbexp)
2020-12-18 15:48:23.802 [main] INFO  com.hsy.dbexp.DbexpApplication - No active profile set, falling back to default profiles: default
2020-12-18 15:48:24.571 [main] INFO  o.s.boot.web.embedded.tomcat.TomcatWebServer - Tomcat initialized with port(s): 8090 (http)
2020-12-18 15:48:24.576 [main] INFO  org.apache.coyote.http11.Http11NioProtocol - Initializing ProtocolHandler ["http-nio-8090"]
2020-12-18 15:48:24.577 [main] INFO  org.apache.catalina.core.StandardService - Starting service [Tomcat]
2020-12-18 15:48:24.577 [main] INFO  org.apache.catalina.core.StandardEngine - Starting Servlet engine: [Apache Tomcat/9.0.39]
2020-12-18 15:48:24.640 [main] INFO  o.a.c.core.ContainerBase.[Tomcat].[localhost].[/] - Initializing Spring embedded WebApplicationContext
2020-12-18 15:48:24.640 [main] INFO  o.s.b.w.s.c.ServletWebServerApplicationContext - Root WebApplicationContext: initialization completed in 801 ms
2020-12-18 15:48:24.936 [main] INFO  o.s.scheduling.concurrent.ThreadPoolTaskExecutor - Initializing ExecutorService 'applicationTaskExecutor'
2020-12-18 15:48:25.073 [main] INFO  org.apache.coyote.http11.Http11NioProtocol - Starting ProtocolHandler ["http-nio-8090"]
2020-12-18 15:48:25.128 [main] INFO  o.s.boot.web.embedded.tomcat.TomcatWebServer - Tomcat started on port(s): 8090 (http) with context path ''
2020-12-18 15:48:25.135 [main] INFO  com.hsy.dbexp.DbexpApplication - Started DbexpApplication in 1.681 seconds (JVM running for 2.425)
2020-12-18 15:48:43.612 [http-nio-8090-exec-1] INFO  o.a.c.core.ContainerBase.[Tomcat].[localhost].[/] - Initializing Spring DispatcherServlet 'dispatcherServlet'
2020-12-18 15:48:43.612 [http-nio-8090-exec-1] INFO  org.springframework.web.servlet.DispatcherServlet - Initializing Servlet 'dispatcherServlet'
2020-12-18 15:48:43.613 [http-nio-8090-exec-1] INFO  org.springframework.web.servlet.DispatcherServlet - Completed initialization in 1 ms
2020-12-18 15:48:43.662 [http-nio-8090-exec-1] INFO  com.alibaba.druid.pool.DruidDataSource - {dataSource-1} inited
2020-12-18 16:05:47.199 [main] INFO  com.hsy.dbexp.DbexpApplication - Starting DbexpApplication using Java 1.8.0_231 on LAPTOP-GDCB5BAF with PID 16316 (F:\JavaProjects\dbexp\target\classes started by HSY in F:\JavaProjects\dbexp)
2020-12-18 16:05:47.202 [main] INFO  com.hsy.dbexp.DbexpApplication - No active profile set, falling back to default profiles: default
2020-12-18 16:05:47.987 [main] INFO  o.s.boot.web.embedded.tomcat.TomcatWebServer - Tomcat initialized with port(s): 8090 (http)
2020-12-18 16:05:47.993 [main] INFO  org.apache.coyote.http11.Http11NioProtocol - Initializing ProtocolHandler ["http-nio-8090"]
2020-12-18 16:05:47.993 [main] INFO  org.apache.catalina.core.StandardService - Starting service [Tomcat]
2020-12-18 16:05:47.993 [main] INFO  org.apache.catalina.core.StandardEngine - Starting Servlet engine: [Apache Tomcat/9.0.39]
2020-12-18 16:05:48.058 [main] INFO  o.a.c.core.ContainerBase.[Tomcat].[localhost].[/] - Initializing Spring embedded WebApplicationContext
2020-12-18 16:05:48.058 [main] INFO  o.s.b.w.s.c.ServletWebServerApplicationContext - Root WebApplicationContext: initialization completed in 812 ms
2020-12-18 16:05:48.233 [main] INFO  org.apache.catalina.core.StandardService - Stopping service [Tomcat]
2020-12-18 16:05:48.253 [main] INFO  o.s.b.a.l.ConditionEvaluationReportLoggingListener - 

Error starting ApplicationContext. To display the conditions report re-run your application with 'debug' enabled.
2020-12-18 16:06:39.997 [main] INFO  com.hsy.dbexp.DbexpApplication - Starting DbexpApplication using Java 1.8.0_231 on LAPTOP-GDCB5BAF with PID 584 (F:\JavaProjects\dbexp\target\classes started by HSY in F:\JavaProjects\dbexp)
2020-12-18 16:06:40.000 [main] INFO  com.hsy.dbexp.DbexpApplication - No active profile set, falling back to default profiles: default
2020-12-18 16:06:40.755 [main] INFO  o.s.boot.web.embedded.tomcat.TomcatWebServer - Tomcat initialized with port(s): 8090 (http)
2020-12-18 16:06:40.761 [main] INFO  org.apache.coyote.http11.Http11NioProtocol - Initializing ProtocolHandler ["http-nio-8090"]
2020-12-18 16:06:40.761 [main] INFO  org.apache.catalina.core.StandardService - Starting service [Tomcat]
2020-12-18 16:06:40.761 [main] INFO  org.apache.catalina.core.StandardEngine - Starting Servlet engine: [Apache Tomcat/9.0.39]
2020-12-18 16:06:40.829 [main] INFO  o.a.c.core.ContainerBase.[Tomcat].[localhost].[/] - Initializing Spring embedded WebApplicationContext
2020-12-18 16:06:40.830 [main] INFO  o.s.b.w.s.c.ServletWebServerApplicationContext - Root WebApplicationContext: initialization completed in 789 ms
2020-12-18 16:06:41.148 [main] INFO  o.s.scheduling.concurrent.ThreadPoolTaskExecutor - Initializing ExecutorService 'applicationTaskExecutor'
2020-12-18 16:06:41.296 [main] INFO  org.apache.coyote.http11.Http11NioProtocol - Starting ProtocolHandler ["http-nio-8090"]
2020-12-18 16:06:41.355 [main] INFO  o.s.boot.web.embedded.tomcat.TomcatWebServer - Tomcat started on port(s): 8090 (http) with context path ''
2020-12-18 16:06:41.365 [main] INFO  com.hsy.dbexp.DbexpApplication - Started DbexpApplication in 1.694 seconds (JVM running for 2.364)
2020-12-18 16:09:09.540 [main] INFO  com.hsy.dbexp.DbexpApplication - Starting DbexpApplication using Java 1.8.0_231 on LAPTOP-GDCB5BAF with PID 16056 (F:\JavaProjects\dbexp\target\classes started by HSY in F:\JavaProjects\dbexp)
2020-12-18 16:09:09.542 [main] INFO  com.hsy.dbexp.DbexpApplication - No active profile set, falling back to default profiles: default
2020-12-18 16:09:10.336 [main] INFO  o.s.boot.web.embedded.tomcat.TomcatWebServer - Tomcat initialized with port(s): 8090 (http)
2020-12-18 16:09:10.342 [main] INFO  org.apache.coyote.http11.Http11NioProtocol - Initializing ProtocolHandler ["http-nio-8090"]
2020-12-18 16:09:10.342 [main] INFO  org.apache.catalina.core.StandardService - Starting service [Tomcat]
2020-12-18 16:09:10.342 [main] INFO  org.apache.catalina.core.StandardEngine - Starting Servlet engine: [Apache Tomcat/9.0.39]
2020-12-18 16:09:10.406 [main] INFO  o.a.c.core.ContainerBase.[Tomcat].[localhost].[/] - Initializing Spring embedded WebApplicationContext
2020-12-18 16:09:10.406 [main] INFO  o.s.b.w.s.c.ServletWebServerApplicationContext - Root WebApplicationContext: initialization completed in 829 ms
2020-12-18 16:09:10.589 [main] INFO  org.apache.catalina.core.StandardService - Stopping service [Tomcat]
2020-12-18 16:09:10.608 [main] INFO  o.s.b.a.l.ConditionEvaluationReportLoggingListener - 

Error starting ApplicationContext. To display the conditions report re-run your application with 'debug' enabled.
2020-12-18 16:11:04.858 [main] INFO  com.hsy.dbexp.DbexpApplication - Starting DbexpApplication using Java 1.8.0_231 on LAPTOP-GDCB5BAF with PID 18032 (F:\JavaProjects\dbexp\target\classes started by HSY in F:\JavaProjects\dbexp)
2020-12-18 16:11:04.861 [main] INFO  com.hsy.dbexp.DbexpApplication - No active profile set, falling back to default profiles: default
2020-12-18 16:11:05.640 [main] INFO  o.s.boot.web.embedded.tomcat.TomcatWebServer - Tomcat initialized with port(s): 8090 (http)
2020-12-18 16:11:05.646 [main] INFO  org.apache.coyote.http11.Http11NioProtocol - Initializing ProtocolHandler ["http-nio-8090"]
2020-12-18 16:11:05.646 [main] INFO  org.apache.catalina.core.StandardService - Starting service [Tomcat]
2020-12-18 16:11:05.646 [main] INFO  org.apache.catalina.core.StandardEngine - Starting Servlet engine: [Apache Tomcat/9.0.39]
2020-12-18 16:11:05.713 [main] INFO  o.a.c.core.ContainerBase.[Tomcat].[localhost].[/] - Initializing Spring embedded WebApplicationContext
2020-12-18 16:11:05.714 [main] INFO  o.s.b.w.s.c.ServletWebServerApplicationContext - Root WebApplicationContext: initialization completed in 813 ms
2020-12-18 16:11:05.879 [main] INFO  org.apache.catalina.core.StandardService - Stopping service [Tomcat]
2020-12-18 16:11:05.897 [main] INFO  o.s.b.a.l.ConditionEvaluationReportLoggingListener - 

Error starting ApplicationContext. To display the conditions report re-run your application with 'debug' enabled.
2020-12-18 16:12:38.847 [main] INFO  com.hsy.dbexp.DbexpApplication - Starting DbexpApplication using Java 1.8.0_231 on LAPTOP-GDCB5BAF with PID 16796 (F:\JavaProjects\dbexp\target\classes started by HSY in F:\JavaProjects\dbexp)
2020-12-18 16:12:38.850 [main] INFO  com.hsy.dbexp.DbexpApplication - No active profile set, falling back to default profiles: default
2020-12-18 16:12:39.620 [main] INFO  o.s.boot.web.embedded.tomcat.TomcatWebServer - Tomcat initialized with port(s): 8090 (http)
2020-12-18 16:12:39.624 [main] INFO  org.apache.coyote.http11.Http11NioProtocol - Initializing ProtocolHandler ["http-nio-8090"]
2020-12-18 16:12:39.625 [main] INFO  org.apache.catalina.core.StandardService - Starting service [Tomcat]
2020-12-18 16:12:39.625 [main] INFO  org.apache.catalina.core.StandardEngine - Starting Servlet engine: [Apache Tomcat/9.0.39]
2020-12-18 16:12:39.688 [main] INFO  o.a.c.core.ContainerBase.[Tomcat].[localhost].[/] - Initializing Spring embedded WebApplicationContext
2020-12-18 16:12:39.688 [main] INFO  o.s.b.w.s.c.ServletWebServerApplicationContext - Root WebApplicationContext: initialization completed in 798 ms
2020-12-18 16:12:39.857 [main] INFO  org.apache.catalina.core.StandardService - Stopping service [Tomcat]
2020-12-18 16:12:39.875 [main] INFO  o.s.b.a.l.ConditionEvaluationReportLoggingListener - 

Error starting ApplicationContext. To display the conditions report re-run your application with 'debug' enabled.
2020-12-18 16:14:24.309 [main] INFO  com.hsy.dbexp.DbexpApplication - Starting DbexpApplication using Java 1.8.0_231 on LAPTOP-GDCB5BAF with PID 14872 (F:\JavaProjects\dbexp\target\classes started by HSY in F:\JavaProjects\dbexp)
2020-12-18 16:14:24.311 [main] INFO  com.hsy.dbexp.DbexpApplication - No active profile set, falling back to default profiles: default
2020-12-18 16:14:25.143 [main] INFO  o.s.boot.web.embedded.tomcat.TomcatWebServer - Tomcat initialized with port(s): 8090 (http)
2020-12-18 16:14:25.150 [main] INFO  org.apache.coyote.http11.Http11NioProtocol - Initializing ProtocolHandler ["http-nio-8090"]
2020-12-18 16:14:25.150 [main] INFO  org.apache.catalina.core.StandardService - Starting service [Tomcat]
2020-12-18 16:14:25.150 [main] INFO  org.apache.catalina.core.StandardEngine - Starting Servlet engine: [Apache Tomcat/9.0.39]
2020-12-18 16:14:25.214 [main] INFO  o.a.c.core.ContainerBase.[Tomcat].[localhost].[/] - Initializing Spring embedded WebApplicationContext
2020-12-18 16:14:25.214 [main] INFO  o.s.b.w.s.c.ServletWebServerApplicationContext - Root WebApplicationContext: initialization completed in 862 ms
2020-12-18 16:14:25.379 [main] INFO  org.apache.catalina.core.StandardService - Stopping service [Tomcat]
2020-12-18 16:14:25.396 [main] INFO  o.s.b.a.l.ConditionEvaluationReportLoggingListener - 

Error starting ApplicationContext. To display the conditions report re-run your application with 'debug' enabled.
2020-12-18 16:14:29.261 [main] INFO  com.hsy.dbexp.DbexpApplication - Starting DbexpApplication using Java 1.8.0_231 on LAPTOP-GDCB5BAF with PID 11736 (F:\JavaProjects\dbexp\target\classes started by HSY in F:\JavaProjects\dbexp)
2020-12-18 16:14:29.264 [main] INFO  com.hsy.dbexp.DbexpApplication - No active profile set, falling back to default profiles: default
2020-12-18 16:14:30.034 [main] INFO  o.s.boot.web.embedded.tomcat.TomcatWebServer - Tomcat initialized with port(s): 8090 (http)
2020-12-18 16:14:30.039 [main] INFO  org.apache.coyote.http11.Http11NioProtocol - Initializing ProtocolHandler ["http-nio-8090"]
2020-12-18 16:14:30.040 [main] INFO  org.apache.catalina.core.StandardService - Starting service [Tomcat]
2020-12-18 16:14:30.040 [main] INFO  org.apache.catalina.core.StandardEngine - Starting Servlet engine: [Apache Tomcat/9.0.39]
2020-12-18 16:14:30.106 [main] INFO  o.a.c.core.ContainerBase.[Tomcat].[localhost].[/] - Initializing Spring embedded WebApplicationContext
2020-12-18 16:14:30.107 [main] INFO  o.s.b.w.s.c.ServletWebServerApplicationContext - Root WebApplicationContext: initialization completed in 801 ms
2020-12-18 16:14:30.404 [main] INFO  o.s.scheduling.concurrent.ThreadPoolTaskExecutor - Initializing ExecutorService 'applicationTaskExecutor'
2020-12-18 16:14:30.544 [main] INFO  org.apache.coyote.http11.Http11NioProtocol - Starting ProtocolHandler ["http-nio-8090"]
2020-12-18 16:14:30.600 [main] INFO  o.s.boot.web.embedded.tomcat.TomcatWebServer - Tomcat started on port(s): 8090 (http) with context path ''
2020-12-18 16:14:30.607 [main] INFO  com.hsy.dbexp.DbexpApplication - Started DbexpApplication in 1.676 seconds (JVM running for 2.36)
2020-12-18 16:15:08.850 [http-nio-8090-exec-1] INFO  o.a.c.core.ContainerBase.[Tomcat].[localhost].[/] - Initializing Spring DispatcherServlet 'dispatcherServlet'
2020-12-18 16:15:08.850 [http-nio-8090-exec-1] INFO  org.springframework.web.servlet.DispatcherServlet - Initializing Servlet 'dispatcherServlet'
2020-12-18 16:15:08.851 [http-nio-8090-exec-1] INFO  org.springframework.web.servlet.DispatcherServlet - Completed initialization in 1 ms
2020-12-18 16:15:08.903 [http-nio-8090-exec-1] INFO  com.alibaba.druid.pool.DruidDataSource - {dataSource-1} inited
2020-12-18 16:15:26.762 [main] INFO  com.hsy.dbexp.DbexpApplication - Starting DbexpApplication using Java 1.8.0_231 on LAPTOP-GDCB5BAF with PID 14648 (F:\JavaProjects\dbexp\target\classes started by HSY in F:\JavaProjects\dbexp)
2020-12-18 16:15:26.766 [main] INFO  com.hsy.dbexp.DbexpApplication - No active profile set, falling back to default profiles: default
2020-12-18 16:15:27.527 [main] INFO  o.s.boot.web.embedded.tomcat.TomcatWebServer - Tomcat initialized with port(s): 8090 (http)
2020-12-18 16:15:27.534 [main] INFO  org.apache.coyote.http11.Http11NioProtocol - Initializing ProtocolHandler ["http-nio-8090"]
2020-12-18 16:15:27.535 [main] INFO  org.apache.catalina.core.StandardService - Starting service [Tomcat]
2020-12-18 16:15:27.535 [main] INFO  org.apache.catalina.core.StandardEngine - Starting Servlet engine: [Apache Tomcat/9.0.39]
2020-12-18 16:15:27.604 [main] INFO  o.a.c.core.ContainerBase.[Tomcat].[localhost].[/] - Initializing Spring embedded WebApplicationContext
2020-12-18 16:15:27.604 [main] INFO  o.s.b.w.s.c.ServletWebServerApplicationContext - Root WebApplicationContext: initialization completed in 794 ms
2020-12-18 16:15:27.926 [main] INFO  o.s.scheduling.concurrent.ThreadPoolTaskExecutor - Initializing ExecutorService 'applicationTaskExecutor'
2020-12-18 16:15:28.069 [main] INFO  org.apache.coyote.http11.Http11NioProtocol - Starting ProtocolHandler ["http-nio-8090"]
2020-12-18 16:15:28.145 [main] INFO  o.s.boot.web.embedded.tomcat.TomcatWebServer - Tomcat started on port(s): 8090 (http) with context path ''
2020-12-18 16:15:28.152 [main] INFO  com.hsy.dbexp.DbexpApplication - Started DbexpApplication in 1.721 seconds (JVM running for 2.428)
2020-12-18 16:15:29.958 [http-nio-8090-exec-1] INFO  o.a.c.core.ContainerBase.[Tomcat].[localhost].[/] - Initializing Spring DispatcherServlet 'dispatcherServlet'
2020-12-18 16:15:29.958 [http-nio-8090-exec-1] INFO  org.springframework.web.servlet.DispatcherServlet - Initializing Servlet 'dispatcherServlet'
2020-12-18 16:15:29.959 [http-nio-8090-exec-1] INFO  org.springframework.web.servlet.DispatcherServlet - Completed initialization in 1 ms
2020-12-18 16:15:30.012 [http-nio-8090-exec-1] INFO  com.alibaba.druid.pool.DruidDataSource - {dataSource-1} inited
2020-12-18 16:46:52.183 [main] INFO  com.hsy.dbexp.DbexpApplication - Starting DbexpApplication using Java 1.8.0_231 on LAPTOP-GDCB5BAF with PID 9328 (F:\JavaProjects\dbexp\target\classes started by HSY in F:\JavaProjects\dbexp)
2020-12-18 16:46:52.185 [main] INFO  com.hsy.dbexp.DbexpApplication - No active profile set, falling back to default profiles: default
2020-12-18 16:46:52.967 [main] INFO  o.s.boot.web.embedded.tomcat.TomcatWebServer - Tomcat initialized with port(s): 8090 (http)
2020-12-18 16:46:52.973 [main] INFO  org.apache.coyote.http11.Http11NioProtocol - Initializing ProtocolHandler ["http-nio-8090"]
2020-12-18 16:46:52.974 [main] INFO  org.apache.catalina.core.StandardService - Starting service [Tomcat]
2020-12-18 16:46:52.974 [main] INFO  org.apache.catalina.core.StandardEngine - Starting Servlet engine: [Apache Tomcat/9.0.39]
2020-12-18 16:46:53.055 [main] INFO  o.a.c.core.ContainerBase.[Tomcat].[localhost].[/] - Initializing Spring embedded WebApplicationContext
2020-12-18 16:46:53.055 [main] INFO  o.s.b.w.s.c.ServletWebServerApplicationContext - Root WebApplicationContext: initialization completed in 839 ms
2020-12-18 16:46:53.406 [main] INFO  o.s.scheduling.concurrent.ThreadPoolTaskExecutor - Initializing ExecutorService 'applicationTaskExecutor'
2020-12-18 16:46:53.575 [main] INFO  org.apache.coyote.http11.Http11NioProtocol - Starting ProtocolHandler ["http-nio-8090"]
2020-12-18 16:46:53.661 [main] INFO  o.s.boot.web.embedded.tomcat.TomcatWebServer - Tomcat started on port(s): 8090 (http) with context path ''
2020-12-18 16:46:53.669 [main] INFO  com.hsy.dbexp.DbexpApplication - Started DbexpApplication in 1.807 seconds (JVM running for 2.579)
2020-12-18 16:47:49.641 [http-nio-8090-exec-1] INFO  o.a.c.core.ContainerBase.[Tomcat].[localhost].[/] - Initializing Spring DispatcherServlet 'dispatcherServlet'
2020-12-18 16:47:49.641 [http-nio-8090-exec-1] INFO  org.springframework.web.servlet.DispatcherServlet - Initializing Servlet 'dispatcherServlet'
2020-12-18 16:47:49.641 [http-nio-8090-exec-1] INFO  org.springframework.web.servlet.DispatcherServlet - Completed initialization in 0 ms
2020-12-18 16:47:49.696 [http-nio-8090-exec-1] INFO  com.alibaba.druid.pool.DruidDataSource - {dataSource-1} inited
2020-12-18 16:48:24.964 [main] INFO  com.hsy.dbexp.DbexpApplication - Starting DbexpApplication using Java 1.8.0_231 on LAPTOP-GDCB5BAF with PID 11600 (F:\JavaProjects\dbexp\target\classes started by HSY in F:\JavaProjects\dbexp)
2020-12-18 16:48:24.966 [main] INFO  com.hsy.dbexp.DbexpApplication - No active profile set, falling back to default profiles: default
2020-12-18 16:48:25.723 [main] INFO  o.s.boot.web.embedded.tomcat.TomcatWebServer - Tomcat initialized with port(s): 8090 (http)
2020-12-18 16:48:25.729 [main] INFO  org.apache.coyote.http11.Http11NioProtocol - Initializing ProtocolHandler ["http-nio-8090"]
2020-12-18 16:48:25.730 [main] INFO  org.apache.catalina.core.StandardService - Starting service [Tomcat]
2020-12-18 16:48:25.730 [main] INFO  org.apache.catalina.core.StandardEngine - Starting Servlet engine: [Apache Tomcat/9.0.39]
2020-12-18 16:48:25.793 [main] INFO  o.a.c.core.ContainerBase.[Tomcat].[localhost].[/] - Initializing Spring embedded WebApplicationContext
2020-12-18 16:48:25.793 [main] INFO  o.s.b.w.s.c.ServletWebServerApplicationContext - Root WebApplicationContext: initialization completed in 790 ms
2020-12-18 16:48:26.091 [main] INFO  o.s.scheduling.concurrent.ThreadPoolTaskExecutor - Initializing ExecutorService 'applicationTaskExecutor'
2020-12-18 16:48:26.231 [main] INFO  org.apache.coyote.http11.Http11NioProtocol - Starting ProtocolHandler ["http-nio-8090"]
2020-12-18 16:48:26.290 [main] INFO  o.s.boot.web.embedded.tomcat.TomcatWebServer - Tomcat started on port(s): 8090 (http) with context path ''
2020-12-18 16:48:26.297 [main] INFO  com.hsy.dbexp.DbexpApplication - Started DbexpApplication in 1.682 seconds (JVM running for 2.393)
2020-12-18 16:48:27.937 [http-nio-8090-exec-1] INFO  o.a.c.core.ContainerBase.[Tomcat].[localhost].[/] - Initializing Spring DispatcherServlet 'dispatcherServlet'
2020-12-18 16:48:27.937 [http-nio-8090-exec-1] INFO  org.springframework.web.servlet.DispatcherServlet - Initializing Servlet 'dispatcherServlet'
2020-12-18 16:48:27.938 [http-nio-8090-exec-1] INFO  org.springframework.web.servlet.DispatcherServlet - Completed initialization in 1 ms
2020-12-18 16:48:27.991 [http-nio-8090-exec-1] INFO  com.alibaba.druid.pool.DruidDataSource - {dataSource-1} inited
2020-12-18 16:49:32.564 [main] INFO  com.hsy.dbexp.DbexpApplication - Starting DbexpApplication using Java 1.8.0_231 on LAPTOP-GDCB5BAF with PID 14852 (F:\JavaProjects\dbexp\target\classes started by HSY in F:\JavaProjects\dbexp)
2020-12-18 16:49:32.566 [main] INFO  com.hsy.dbexp.DbexpApplication - No active profile set, falling back to default profiles: default
2020-12-18 16:49:33.327 [main] INFO  o.s.boot.web.embedded.tomcat.TomcatWebServer - Tomcat initialized with port(s): 8090 (http)
2020-12-18 16:49:33.332 [main] INFO  org.apache.coyote.http11.Http11NioProtocol - Initializing ProtocolHandler ["http-nio-8090"]
2020-12-18 16:49:33.333 [main] INFO  org.apache.catalina.core.StandardService - Starting service [Tomcat]
2020-12-18 16:49:33.333 [main] INFO  org.apache.catalina.core.StandardEngine - Starting Servlet engine: [Apache Tomcat/9.0.39]
2020-12-18 16:49:33.396 [main] INFO  o.a.c.core.ContainerBase.[Tomcat].[localhost].[/] - Initializing Spring embedded WebApplicationContext
2020-12-18 16:49:33.396 [main] INFO  o.s.b.w.s.c.ServletWebServerApplicationContext - Root WebApplicationContext: initialization completed in 787 ms
2020-12-18 16:49:33.692 [main] INFO  o.s.scheduling.concurrent.ThreadPoolTaskExecutor - Initializing ExecutorService 'applicationTaskExecutor'
2020-12-18 16:49:33.843 [main] INFO  org.apache.coyote.http11.Http11NioProtocol - Starting ProtocolHandler ["http-nio-8090"]
2020-12-18 16:49:33.920 [main] INFO  o.s.boot.web.embedded.tomcat.TomcatWebServer - Tomcat started on port(s): 8090 (http) with context path ''
2020-12-18 16:49:33.927 [main] INFO  com.hsy.dbexp.DbexpApplication - Started DbexpApplication in 1.716 seconds (JVM running for 2.449)
2020-12-18 16:49:38.066 [http-nio-8090-exec-1] INFO  o.a.c.core.ContainerBase.[Tomcat].[localhost].[/] - Initializing Spring DispatcherServlet 'dispatcherServlet'
2020-12-18 16:49:38.067 [http-nio-8090-exec-1] INFO  org.springframework.web.servlet.DispatcherServlet - Initializing Servlet 'dispatcherServlet'
2020-12-18 16:49:38.067 [http-nio-8090-exec-1] INFO  org.springframework.web.servlet.DispatcherServlet - Completed initialization in 0 ms
2020-12-18 16:49:38.119 [http-nio-8090-exec-1] INFO  com.alibaba.druid.pool.DruidDataSource - {dataSource-1} inited
